<?xml version="1.0" encoding="UTF-8"?>
<!-- Generated by org.testng.reporters.JUnitReportReporter -->
<testsuite hostname="Tom" failures="0" tests="3" name="TestCases.orderConfirmation_TC" time="49.845" errors="0" timestamp="2024-04-18T11:18:29 IST" skipped="0">
  <testcase classname="TestCases.orderConfirmation_TC" name="confirmation_tc" time="23.121"/>
  <system-out/>
  <testcase classname="TestCases.orderConfirmation_TC" name="orderDisplayed" time="6.943"/>
  <system-out/>
  <testcase classname="TestCases.orderConfirmation_TC" name="confirmation_tc" time="19.781"/>
  <system-out/>
</testsuite> <!-- TestCases.orderConfirmation_TC -->
