<?xml version="1.0" encoding="UTF-8"?>
<!-- Generated by org.testng.reporters.JUnitReportReporter -->
<testsuite hostname="Tom" failures="0" tests="1" name="TestCases.ProductCatalogue_TC" time="21.659" errors="0" timestamp="2024-04-17T18:26:16 IST" skipped="0">
  <testcase classname="TestCases.ProductCatalogue_TC" name="productCatalogue_TC" time="21.659"/>
  <system-out/>
</testsuite> <!-- TestCases.ProductCatalogue_TC -->
