<?xml version="1.0" encoding="UTF-8"?>
<!-- Generated by org.testng.reporters.JUnitReportReporter -->
<testsuite hostname="Tom" failures="0" tests="1" name="Interview_Questions.refreshBrowser" time="5.062" errors="0" timestamp="2024-04-05T00:40:06 IST" skipped="0">
  <testcase classname="Interview_Questions.refreshBrowser" name="test1" time="5.062"/>
  <system-out/>
</testsuite> <!-- Interview_Questions.refreshBrowser -->
