<?xml version="1.0" encoding="UTF-8"?>
<!-- Generated by org.testng.reporters.JUnitReportReporter -->
<testsuite hostname="Tom" failures="0" tests="1" name="RahulShetty_course.AddtoCart" time="3.971" errors="0" timestamp="2024-04-11T06:12:36 IST" skipped="0">
  <testcase classname="RahulShetty_course.AddtoCart" name="test" time="3.971"/>
  <system-out/>
</testsuite> <!-- RahulShetty_course.AddtoCart -->
