<?xml version="1.0" encoding="UTF-8"?>
<!-- Generated by org.testng.reporters.JUnitReportReporter -->
<testsuite hostname="Tom" failures="0" tests="1" name="test.AutoSuggest" time="8.074" errors="0" timestamp="2024-04-10T18:10:34 IST" skipped="0">
  <testcase classname="test.AutoSuggest" name="test_suggest" time="8.074"/>
  <system-out/>
</testsuite> <!-- test.AutoSuggest -->
