<?xml version="1.0" encoding="UTF-8"?>
<!-- Generated by org.testng.reporters.JUnitReportReporter -->
<testsuite hostname="Tom" failures="0" tests="1" name="javaPrograms.numberReverser" time="0.006" errors="0" timestamp="2024-04-05T13:55:40 IST" skipped="0">
  <testcase classname="javaPrograms.numberReverser" name="number" time="0.006"/>
  <system-out/>
</testsuite> <!-- javaPrograms.numberReverser -->
