<?xml version="1.0" encoding="UTF-8"?>
<!-- Generated by org.testng.reporters.JUnitReportReporter -->
<testsuite hostname="Tom" failures="0" tests="1" name="Interview_Questions.getAndNavigae" time="13.271" errors="0" timestamp="2024-04-05T00:30:21 IST" skipped="0">
  <testcase classname="Interview_Questions.getAndNavigae" name="test" time="13.271"/>
  <system-out/>
</testsuite> <!-- Interview_Questions.getAndNavigae -->
