<?xml version="1.0" encoding="UTF-8"?>
<!-- Generated by org.testng.reporters.JUnitReportReporter -->
<testsuite hostname="Tom" failures="0" tests="1" name="TestCases.E2E_Tc" time="10.481" errors="0" timestamp="2024-04-17T18:14:30 IST" skipped="0">
  <testcase classname="TestCases.E2E_Tc" name="e2e_test" time="10.481"/>
  <system-out/>
</testsuite> <!-- TestCases.E2E_Tc -->
