<?xml version="1.0" encoding="UTF-8"?>
<!-- Generated by org.testng.reporters.JUnitReportReporter -->
<testsuite hostname="Tom" failures="0" tests="3" name="TestCases.DataDriven_TC" time="50.900" errors="0" timestamp="2024-04-18T14:05:28 IST" skipped="0">
  <testcase classname="TestCases.DataDriven_TC" name="confirmation_tc" time="21.693"/>
  <system-out/>
  <testcase classname="TestCases.DataDriven_TC" name="confirmation_tc" time="21.009"/>
  <system-out/>
  <testcase classname="TestCases.DataDriven_TC" name="orderDisplayed" time="8.198"/>
  <system-out/>
</testsuite> <!-- TestCases.DataDriven_TC -->
