<?xml version="1.0" encoding="UTF-8"?>
<!-- Generated by org.testng.reporters.JUnitReportReporter -->
<testsuite hostname="Tom" failures="0" tests="1" name="javaPrograms.StringReverse" time="0.008" errors="0" timestamp="2024-04-05T14:58:44 IST" skipped="0">
  <testcase classname="javaPrograms.StringReverse" name="reverse" time="0.008"/>
  <system-out/>
</testsuite> <!-- javaPrograms.StringReverse -->
