<?xml version="1.0" encoding="UTF-8"?>
<!-- Generated by org.testng.reporters.JUnitReportReporter -->
<testsuite hostname="Tom" failures="0" tests="1" name="RahulShetty_course.sample_e2e" time="16.538" errors="0" timestamp="2024-04-11T03:23:40 IST" skipped="0">
  <testcase classname="RahulShetty_course.sample_e2e" name="test_e2e" time="16.538"/>
  <system-out/>
</testsuite> <!-- RahulShetty_course.sample_e2e -->
