<?xml version="1.0" encoding="UTF-8"?>
<!-- Generated by org.testng.reporters.JUnitReportReporter -->
<testsuite hostname="Tom" failures="0" tests="1" name="javaPrograms.StringReverse" time="0.009" errors="0" timestamp="2024-04-03T09:19:33 IST" skipped="0">
  <testcase classname="javaPrograms.StringReverse" name="reverse" time="0.009"/>
  <system-out/>
</testsuite> <!-- javaPrograms.StringReverse -->
