<?xml version="1.0" encoding="UTF-8"?>
<!-- Generated by org.testng.reporters.JUnitReportReporter -->
<testsuite hostname="Tom" failures="0" tests="1" name="test.checkall_ck" time="5.373" errors="0" timestamp="2024-04-10T18:39:03 IST" skipped="0">
  <testcase classname="test.checkall_ck" name="test" time="5.373"/>
  <system-out/>
</testsuite> <!-- test.checkall_ck -->
