<?xml version="1.0" encoding="UTF-8"?>
<!-- Generated by org.testng.reporters.JUnitReportReporter -->
<testsuite hostname="Tom" failures="0" tests="1" name="Interview_Questions.printsearchresult_url" time="10.086" errors="0" timestamp="2024-04-05T01:54:40 IST" skipped="0">
  <testcase classname="Interview_Questions.printsearchresult_url" name="test" time="10.086"/>
  <system-out/>
</testsuite> <!-- Interview_Questions.printsearchresult_url -->
