<?xml version="1.0" encoding="UTF-8"?>
<!-- Generated by org.testng.reporters.JUnitReportReporter -->
<testsuite hostname="Tom" failures="0" tests="1" name="Interview_Questions.without_sendKeys" time="6.841" errors="0" timestamp="2024-04-05T02:48:03 IST" skipped="0">
  <testcase classname="Interview_Questions.without_sendKeys" name="test" time="6.841"/>
  <system-out/>
</testsuite> <!-- Interview_Questions.without_sendKeys -->
