<?xml version="1.0" encoding="UTF-8"?>
<!-- Generated by org.testng.reporters.JUnitReportReporter -->
<testsuite hostname="Tom" failures="0" tests="1" name="test.dropdowns" time="8.551" errors="0" timestamp="2024-04-09T16:21:16 IST" skipped="0">
  <testcase classname="test.dropdowns" name="test_dd" time="8.551"/>
  <system-out/>
</testsuite> <!-- test.dropdowns -->
