<?xml version="1.0" encoding="UTF-8"?>
<!-- Generated by org.testng.reporters.JUnitReportReporter -->
<testsuite hostname="Tom" failures="0" tests="3" name="javaPrograms.tryTC" time="0.008" errors="0" timestamp="2024-04-05T14:57:29 IST" skipped="2">
  <testcase classname="javaPrograms.tryTC" name="test_trainagle" time="0.008"/>
  <system-out/>
  <testcase classname="javaPrograms.tryTC" name="test">
    <skipped/>
  </testcase> <!-- test -->
  <system-out/>
  <testcase classname="javaPrograms.tryTC" name="swap">
    <skipped/>
  </testcase> <!-- swap -->
  <system-out/>
</testsuite> <!-- javaPrograms.tryTC -->
