<?xml version="1.0" encoding="UTF-8"?>
<!-- Generated by org.testng.reporters.JUnitReportReporter -->
<testsuite hostname="Tom" failures="0" tests="2" name="javaPrograms.star_triangle" time="0.007" errors="0" timestamp="2024-04-05T14:50:46 IST" skipped="1">
  <testcase classname="javaPrograms.star_triangle" name="print_number" time="0.007"/>
  <system-out/>
  <testcase classname="javaPrograms.star_triangle" name="StarPrint_test">
    <skipped/>
  </testcase> <!-- StarPrint_test -->
  <system-out/>
</testsuite> <!-- javaPrograms.star_triangle -->
