<?xml version="1.0" encoding="UTF-8"?>
<!-- Generated by org.testng.reporters.JUnitReportReporter -->
<testsuite hostname="Tom" failures="0" tests="1" name="RahulShetty_course.try_dd" time="8.228" errors="0" timestamp="2024-04-11T02:43:28 IST" skipped="0">
  <testcase classname="RahulShetty_course.try_dd" name="test_dd" time="8.228"/>
  <system-out/>
</testsuite> <!-- RahulShetty_course.try_dd -->
