<?xml version="1.0" encoding="UTF-8"?>
<!-- Generated by org.testng.reporters.JUnitReportReporter -->
<testsuite hostname="Tom" failures="0" tests="1" name="test.try_dd" time="6.652" errors="0" timestamp="2024-04-10T17:57:41 IST" skipped="0">
  <testcase classname="test.try_dd" name="test_dd" time="6.652"/>
  <system-out/>
</testsuite> <!-- test.try_dd -->
