<?xml version="1.0" encoding="UTF-8"?>
<!-- Generated by org.testng.reporters.JUnitReportReporter -->
<testsuite hostname="Tom" failures="0" tests="1" name="RahulShetty_course.Assertion" time="4.958" errors="0" timestamp="2024-04-10T21:39:56 IST" skipped="0">
  <testcase classname="RahulShetty_course.Assertion" name="test" time="4.958"/>
  <system-out/>
</testsuite> <!-- RahulShetty_course.Assertion -->
