<?xml version="1.0" encoding="UTF-8"?>
<!-- Generated by org.testng.reporters.JUnitReportReporter -->
<testsuite hostname="Tom" failures="0" tests="2" name="javaPrograms.swap2Number" time="0.008" errors="0" timestamp="2024-04-03T09:25:10 IST" skipped="1">
  <testcase classname="javaPrograms.swap2Number" name="swapWithOutTemp" time="0.008"/>
  <system-out/>
  <testcase classname="javaPrograms.swap2Number" name="swapWithTemp">
    <skipped/>
  </testcase> <!-- swapWithTemp -->
  <system-out/>
</testsuite> <!-- javaPrograms.swap2Number -->
