<?xml version="1.0" encoding="UTF-8"?>
<!-- Generated by org.testng.reporters.JUnitReportReporter -->
<testsuite hostname="Tom" failures="0" tests="1" name="Interview_Questions.select_all_checkbox" time="14.136" errors="0" timestamp="2024-04-05T03:08:31 IST" skipped="0">
  <testcase classname="Interview_Questions.select_all_checkbox" name="test_chkbox" time="14.136"/>
  <system-out/>
</testsuite> <!-- Interview_Questions.select_all_checkbox -->
