<?xml version="1.0" encoding="UTF-8"?>
<!-- Generated by org.testng.reporters.JUnitReportReporter -->
<testsuite hostname="Tom" failures="0" tests="1" name="Interview_Questions.printGoogleSuggestions" time="7.011" errors="0" timestamp="2024-04-05T01:05:41 IST" skipped="0">
  <testcase classname="Interview_Questions.printGoogleSuggestions" name="test1" time="7.011"/>
  <system-out/>
</testsuite> <!-- Interview_Questions.printGoogleSuggestions -->
