<?xml version="1.0" encoding="UTF-8"?>
<!-- Generated by org.testng.reporters.JUnitReportReporter -->
<testsuite hostname="Tom" failures="0" tests="1" name="Interview_Questions.explicitwait" time="14.194" errors="0" timestamp="2024-04-04T21:32:59 IST" skipped="0">
  <testcase classname="Interview_Questions.explicitwait" name="ewait_test" time="14.194"/>
  <system-out/>
</testsuite> <!-- Interview_Questions.explicitwait -->
