<?xml version="1.0" encoding="UTF-8"?>
<!-- Generated by org.testng.reporters.JUnitReportReporter -->
<testsuite hostname="Tom" failures="0" tests="1" name="TestCases.BaseClass_April3" time="0.016" errors="0" timestamp="2024-04-03T09:09:54 IST" skipped="0">
  <testcase classname="TestCases.BaseClass_April3" name="trySample_test" time="0.016"/>
  <system-out/>
</testsuite> <!-- TestCases.BaseClass_April3 -->
