<?xml version="1.0" encoding="UTF-8"?>
<!-- Generated by org.testng.reporters.JUnitReportReporter -->
<testsuite hostname="Tom" failures="0" tests="1" name="Interview_Questions.js_scroll" time="23.106" errors="0" timestamp="2024-04-05T04:01:02 IST" skipped="0">
  <testcase classname="Interview_Questions.js_scroll" name="scroll_tc" time="23.106"/>
  <system-out/>
</testsuite> <!-- Interview_Questions.js_scroll -->
