<?xml version="1.0" encoding="UTF-8"?>
<!-- Generated by org.testng.reporters.JUnitReportReporter -->
<testsuite hostname="Tom" failures="0" tests="1" name="RahulShetty_course.calendar" time="14.196" errors="0" timestamp="2024-04-11T03:16:33 IST" skipped="0">
  <testcase classname="RahulShetty_course.calendar" name="test_calendar" time="14.196"/>
  <system-out/>
</testsuite> <!-- RahulShetty_course.calendar -->
